<?xml version="1.0" encoding="UTF-8"?>
<!-- Generated by org.testng.reporters.JUnitXMLReporter -->
<testsuite hostname="DESKTOP-0P22N8N" name="Default test" tests="1" failures="0" timestamp="24 Oct 2018 11:41:09 GMT" time="49.963" errors="0">
  <testcase name="@BeforeTest beforeTest" time="0.0" classname="example.NewTest">
    <failure type="org.openqa.selenium.WebDriverException" message="Failed to connect to binary FirefoxBinary(C:\Program Files\Mozilla Firefox\firefox.exe) on port 7055; process output follows: 
29
1540381225051	addons.xpi	DEBUG	Registering manifest for C:\Program Files\Mozilla Firefox\browser\features\aushelper@mozilla.org.xpi
1540381225052	addons.xpi	DEBUG	Calling bootstrap method startup on aushelper@mozilla.org version 2.0
1540381225053	addons.xpi	DEBUG	Registering manifest for C:\Program Files\Mozilla Firefox\browser\features\firefox@getpocket.com.xpi
1540381225054	addons.xpi	DEBUG	Calling bootstrap method startup on firefox@getpocket.com version 1.0.5
1540381225060	addons.xpi	DEBUG	Registering manifest for C:\Program Files\Mozilla Firefox\browser\features\formautofill@mozilla.org.xpi
1540381225061	addons.xpi	DEBUG	Calling bootstrap method startup on formautofill@mozilla.org version 1.0
1540381225062	addons.xpi	DEBUG	Registering manifest for C:\Program Files\Mozilla Firefox\browser\features\onboarding@mozilla.org.xpi
1540381225063	addons.xpi	DEBUG	Calling bootstrap method startup on onboarding@mozilla.org version 1.0
1540381225063	addons.xpi	DEBUG	Registering manifest for C:\Program Files\Mozilla Firefox\browser\features\screenshots@mozilla.org.xpi
1540381225064	addons.xpi	DEBUG	Calling bootstrap method startup on screenshots@mozilla.org version 33.0.0
1540381225065	addons.xpi	DEBUG	Registering manifest for C:\Program Files\Mozilla Firefox\browser\features\webcompat-reporter@mozilla.org.xpi
1540381225066	addons.xpi	DEBUG	Calling bootstrap method startup on webcompat-reporter@mozilla.org version 1.0.0
1540381225066	addons.xpi	DEBUG	Registering manifest for C:\Program Files\Mozilla Firefox\browser\features\webcompat@mozilla.org.xpi
1540381225068	addons.xpi	DEBUG	Calling bootstrap method startup on webcompat@mozilla.org version 2.0
1540381225070	addons.manager	DEBUG	Registering shutdown blocker for XPIProvider
1540381225070	addons.manager	DEBUG	Provider finished startup: XPIProvider
1540381225070	addons.manager	DEBUG	Starting provider: LightweightThemeManager
1540381225071	addons.manager	DEBUG	Registering shutdown blocker for LightweightThemeManager
1540381225071	addons.manager	DEBUG	Provider finished startup: LightweightThemeManager
1540381225071	addons.manager	DEBUG	Starting provider: GMPProvider
1540381225073	addons.manager	DEBUG	Registering shutdown blocker for GMPProvider
1540381225074	addons.manager	DEBUG	Provider finished startup: GMPProvider
1540381225074	addons.manager	DEBUG	Starting provider: PluginProvider
1540381225074	addons.manager	DEBUG	Registering shutdown blocker for PluginProvider
1540381225074	addons.manager	DEBUG	Provider finished startup: PluginProvider
1540381225076	addons.manager	DEBUG	Completed startup sequence
1540381226209	addons.repository	DEBUG	No addons.json found.
1540381228203	addons.xpi	DEBUG	Ignoring file: name is not a valid add-on ID: C:\Users\NMBR\AppData\Local\Temp\anonymous9024027471641783678webdriver-profile\extensions\webdriver-staging
1540381228203	addons.xpi	DEBUG	Existing add-on activity-stream@mozilla.org in app-system-defaults
1540381228203	addons.xpi	DEBUG	Existing add-on aushelper@mozilla.org in app-system-defaults
1540381228204	addons.xpi	DEBUG	Existing add-on firefox@getpocket.com in app-system-defaults
1540381228204	addons.xpi	DEBUG	Existing add-on formautofill@mozilla.org in app-system-defaults
1540381228204	addons.xpi	DEBUG	Existing add-on onboarding@mozilla.org in app-system-defaults
1540381228204	addons.xpi	DEBUG	Existing add-on screenshots@mozilla.org in app-system-defaults
1540381228204	addons.xpi	DEBUG	Existing add-on webcompat-reporter@mozilla.org in app-system-defaults
1540381228205	addons.xpi	DEBUG	Existing add-on webcompat@mozilla.org in app-system-defaults
1540381228205	addons.xpi	DEBUG	scanForChanges changed: false, state: {}
JavaScript error: resource://gre/modules/addons/XPIProvider.jsm, line 2583: TypeError: addon is null
[Child 5776, Chrome_ChildThread] WARNING: pipe error: 109: file z:/build/build/src/ipc/chromium/src/chrome/common/ipc_channel_win.cc, line 346
[Child 5776, Chrome_ChildThrea[Parent 9140, Gecko_IOThread] WARNING: file z:/build/build/src/ipc/chromium/src/base/process_util_win.cc, line 188

Build info: version: &amp;apos;2.45.0&amp;apos;, revision: &amp;apos;5017cb8e7ca8e37638dc3091b2440b90a1d8686f&amp;apos;, time: &amp;apos;2015-02-27 09:10:26&amp;apos;
System info: host: &amp;apos;DESKTOP-0P22N8N&amp;apos;, ip: &amp;apos;192.168.1.39&amp;apos;, os.name: &amp;apos;Windows 10&amp;apos;, os.arch: &amp;apos;amd64&amp;apos;, os.version: &amp;apos;10.0&amp;apos;, java.version: &amp;apos;1.8.0_181&amp;apos;
Driver info: driver.version: FirefoxDriver">
      <![CDATA[org.openqa.selenium.WebDriverException: Failed to connect to binary FirefoxBinary(C:\Program Files\Mozilla Firefox\firefox.exe) on port 7055; process output follows: 
29
1540381225051	addons.xpi	DEBUG	Registering manifest for C:\Program Files\Mozilla Firefox\browser\features\aushelper@mozilla.org.xpi
1540381225052	addons.xpi	DEBUG	Calling bootstrap method startup on aushelper@mozilla.org version 2.0
1540381225053	addons.xpi	DEBUG	Registering manifest for C:\Program Files\Mozilla Firefox\browser\features\firefox@getpocket.com.xpi
1540381225054	addons.xpi	DEBUG	Calling bootstrap method startup on firefox@getpocket.com version 1.0.5
1540381225060	addons.xpi	DEBUG	Registering manifest for C:\Program Files\Mozilla Firefox\browser\features\formautofill@mozilla.org.xpi
1540381225061	addons.xpi	DEBUG	Calling bootstrap method startup on formautofill@mozilla.org version 1.0
1540381225062	addons.xpi	DEBUG	Registering manifest for C:\Program Files\Mozilla Firefox\browser\features\onboarding@mozilla.org.xpi
1540381225063	addons.xpi	DEBUG	Calling bootstrap method startup on onboarding@mozilla.org version 1.0
1540381225063	addons.xpi	DEBUG	Registering manifest for C:\Program Files\Mozilla Firefox\browser\features\screenshots@mozilla.org.xpi
1540381225064	addons.xpi	DEBUG	Calling bootstrap method startup on screenshots@mozilla.org version 33.0.0
1540381225065	addons.xpi	DEBUG	Registering manifest for C:\Program Files\Mozilla Firefox\browser\features\webcompat-reporter@mozilla.org.xpi
1540381225066	addons.xpi	DEBUG	Calling bootstrap method startup on webcompat-reporter@mozilla.org version 1.0.0
1540381225066	addons.xpi	DEBUG	Registering manifest for C:\Program Files\Mozilla Firefox\browser\features\webcompat@mozilla.org.xpi
1540381225068	addons.xpi	DEBUG	Calling bootstrap method startup on webcompat@mozilla.org version 2.0
1540381225070	addons.manager	DEBUG	Registering shutdown blocker for XPIProvider
1540381225070	addons.manager	DEBUG	Provider finished startup: XPIProvider
1540381225070	addons.manager	DEBUG	Starting provider: LightweightThemeManager
1540381225071	addons.manager	DEBUG	Registering shutdown blocker for LightweightThemeManager
1540381225071	addons.manager	DEBUG	Provider finished startup: LightweightThemeManager
1540381225071	addons.manager	DEBUG	Starting provider: GMPProvider
1540381225073	addons.manager	DEBUG	Registering shutdown blocker for GMPProvider
1540381225074	addons.manager	DEBUG	Provider finished startup: GMPProvider
1540381225074	addons.manager	DEBUG	Starting provider: PluginProvider
1540381225074	addons.manager	DEBUG	Registering shutdown blocker for PluginProvider
1540381225074	addons.manager	DEBUG	Provider finished startup: PluginProvider
1540381225076	addons.manager	DEBUG	Completed startup sequence
1540381226209	addons.repository	DEBUG	No addons.json found.
1540381228203	addons.xpi	DEBUG	Ignoring file: name is not a valid add-on ID: C:\Users\NMBR\AppData\Local\Temp\anonymous9024027471641783678webdriver-profile\extensions\webdriver-staging
1540381228203	addons.xpi	DEBUG	Existing add-on activity-stream@mozilla.org in app-system-defaults
1540381228203	addons.xpi	DEBUG	Existing add-on aushelper@mozilla.org in app-system-defaults
1540381228204	addons.xpi	DEBUG	Existing add-on firefox@getpocket.com in app-system-defaults
1540381228204	addons.xpi	DEBUG	Existing add-on formautofill@mozilla.org in app-system-defaults
1540381228204	addons.xpi	DEBUG	Existing add-on onboarding@mozilla.org in app-system-defaults
1540381228204	addons.xpi	DEBUG	Existing add-on screenshots@mozilla.org in app-system-defaults
1540381228204	addons.xpi	DEBUG	Existing add-on webcompat-reporter@mozilla.org in app-system-defaults
1540381228205	addons.xpi	DEBUG	Existing add-on webcompat@mozilla.org in app-system-defaults
1540381228205	addons.xpi	DEBUG	scanForChanges changed: false, state: {}
JavaScript error: resource://gre/modules/addons/XPIProvider.jsm, line 2583: TypeError: addon is null
[Child 5776, Chrome_ChildThread] WARNING: pipe error: 109: file z:/build/build/src/ipc/chromium/src/chrome/common/ipc_channel_win.cc, line 346
[Child 5776, Chrome_ChildThrea[Parent 9140, Gecko_IOThread] WARNING: file z:/build/build/src/ipc/chromium/src/base/process_util_win.cc, line 188

Build info: version: '2.45.0', revision: '5017cb8e7ca8e37638dc3091b2440b90a1d8686f', time: '2015-02-27 09:10:26'
System info: host: 'DESKTOP-0P22N8N', ip: '192.168.1.39', os.name: 'Windows 10', os.arch: 'amd64', os.version: '10.0', java.version: '1.8.0_181'
Driver info: driver.version: FirefoxDriver
	at org.openqa.selenium.firefox.internal.NewProfileExtensionConnection.start(NewProfileExtensionConnection.java:130)
	at org.openqa.selenium.firefox.FirefoxDriver.startClient(FirefoxDriver.java:246)
	at org.openqa.selenium.remote.RemoteWebDriver.<init>(RemoteWebDriver.java:114)
	at org.openqa.selenium.firefox.FirefoxDriver.<init>(FirefoxDriver.java:191)
	at org.openqa.selenium.firefox.FirefoxDriver.<init>(FirefoxDriver.java:186)
	at org.openqa.selenium.firefox.FirefoxDriver.<init>(FirefoxDriver.java:182)
	at org.openqa.selenium.firefox.FirefoxDriver.<init>(FirefoxDriver.java:95)
	at example.NewTest.beforeTest(NewTest.java:23)
	at sun.reflect.NativeMethodAccessorImpl.invoke0(Native Method)
	at sun.reflect.NativeMethodAccessorImpl.invoke(Unknown Source)
	at sun.reflect.DelegatingMethodAccessorImpl.invoke(Unknown Source)
	at java.lang.reflect.Method.invoke(Unknown Source)
	at org.testng.internal.MethodInvocationHelper.invokeMethod(MethodInvocationHelper.java:80)
	at org.testng.internal.Invoker.invokeConfigurationMethod(Invoker.java:564)
	at org.testng.internal.Invoker.invokeConfigurations(Invoker.java:213)
	at org.testng.internal.Invoker.invokeConfigurations(Invoker.java:138)
	at org.testng.TestRunner.beforeRun(TestRunner.java:641)
	at org.testng.TestRunner.run(TestRunner.java:609)
	at org.testng.SuiteRunner.runTest(SuiteRunner.java:334)
	at org.testng.SuiteRunner.runSequentially(SuiteRunner.java:329)
	at org.testng.SuiteRunner.privateRun(SuiteRunner.java:291)
	at org.testng.SuiteRunner.run(SuiteRunner.java:240)
	at org.testng.SuiteRunnerWorker.runSuite(SuiteRunnerWorker.java:52)
	at org.testng.SuiteRunnerWorker.run(SuiteRunnerWorker.java:86)
	at org.testng.TestNG.runSuitesSequentially(TestNG.java:1198)
	at org.testng.TestNG.runSuitesLocally(TestNG.java:1123)
	at org.testng.TestNG.run(TestNG.java:1031)
	at org.testng.remote.AbstractRemoteTestNG.run(AbstractRemoteTestNG.java:114)
	at org.testng.remote.RemoteTestNG.initAndRun(RemoteTestNG.java:251)
	at org.testng.remote.RemoteTestNG.main(RemoteTestNG.java:77)
Caused by: org.openqa.selenium.firefox.NotConnectedException: Unable to connect to host 127.0.0.1 on port 7055 after 45000 ms. Firefox console output:
29
1540381225051	addons.xpi	DEBUG	Registering manifest for C:\Program Files\Mozilla Firefox\browser\features\aushelper@mozilla.org.xpi
1540381225052	addons.xpi	DEBUG	Calling bootstrap method startup on aushelper@mozilla.org version 2.0
1540381225053	addons.xpi	DEBUG	Registering manifest for C:\Program Files\Mozilla Firefox\browser\features\firefox@getpocket.com.xpi
1540381225054	addons.xpi	DEBUG	Calling bootstrap method startup on firefox@getpocket.com version 1.0.5
1540381225060	addons.xpi	DEBUG	Registering manifest for C:\Program Files\Mozilla Firefox\browser\features\formautofill@mozilla.org.xpi
1540381225061	addons.xpi	DEBUG	Calling bootstrap method startup on formautofill@mozilla.org version 1.0
1540381225062	addons.xpi	DEBUG	Registering manifest for C:\Program Files\Mozilla Firefox\browser\features\onboarding@mozilla.org.xpi
1540381225063	addons.xpi	DEBUG	Calling bootstrap method startup on onboarding@mozilla.org version 1.0
1540381225063	addons.xpi	DEBUG	Registering manifest for C:\Program Files\Mozilla Firefox\browser\features\screenshots@mozilla.org.xpi
1540381225064	addons.xpi	DEBUG	Calling bootstrap method startup on screenshots@mozilla.org version 33.0.0
1540381225065	addons.xpi	DEBUG	Registering manifest for C:\Program Files\Mozilla Firefox\browser\features\webcompat-reporter@mozilla.org.xpi
1540381225066	addons.xpi	DEBUG	Calling bootstrap method startup on webcompat-reporter@mozilla.org version 1.0.0
1540381225066	addons.xpi	DEBUG	Registering manifest for C:\Program Files\Mozilla Firefox\browser\features\webcompat@mozilla.org.xpi
1540381225068	addons.xpi	DEBUG	Calling bootstrap method startup on webcompat@mozilla.org version 2.0
1540381225070	addons.manager	DEBUG	Registering shutdown blocker for XPIProvider
1540381225070	addons.manager	DEBUG	Provider finished startup: XPIProvider
1540381225070	addons.manager	DEBUG	Starting provider: LightweightThemeManager
1540381225071	addons.manager	DEBUG	Registering shutdown blocker for LightweightThemeManager
1540381225071	addons.manager	DEBUG	Provider finished startup: LightweightThemeManager
1540381225071	addons.manager	DEBUG	Starting provider: GMPProvider
1540381225073	addons.manager	DEBUG	Registering shutdown blocker for GMPProvider
1540381225074	addons.manager	DEBUG	Provider finished startup: GMPProvider
1540381225074	addons.manager	DEBUG	Starting provider: PluginProvider
1540381225074	addons.manager	DEBUG	Registering shutdown blocker for PluginProvider
1540381225074	addons.manager	DEBUG	Provider finished startup: PluginProvider
1540381225076	addons.manager	DEBUG	Completed startup sequence
1540381226209	addons.repository	DEBUG	No addons.json found.
1540381228203	addons.xpi	DEBUG	Ignoring file: name is not a valid add-on ID: C:\Users\NMBR\AppData\Local\Temp\anonymous9024027471641783678webdriver-profile\extensions\webdriver-staging
1540381228203	addons.xpi	DEBUG	Existing add-on activity-stream@mozilla.org in app-system-defaults
1540381228203	addons.xpi	DEBUG	Existing add-on aushelper@mozilla.org in app-system-defaults
1540381228204	addons.xpi	DEBUG	Existing add-on firefox@getpocket.com in app-system-defaults
1540381228204	addons.xpi	DEBUG	Existing add-on formautofill@mozilla.org in app-system-defaults
1540381228204	addons.xpi	DEBUG	Existing add-on onboarding@mozilla.org in app-system-defaults
1540381228204	addons.xpi	DEBUG	Existing add-on screenshots@mozilla.org in app-system-defaults
1540381228204	addons.xpi	DEBUG	Existing add-on webcompat-reporter@mozilla.org in app-system-defaults
1540381228205	addons.xpi	DEBUG	Existing add-on webcompat@mozilla.org in app-system-defaults
1540381228205	addons.xpi	DEBUG	scanForChanges changed: false, state: {}
JavaScript error: resource://gre/modules/addons/XPIProvider.jsm, line 2583: TypeError: addon is null
[Child 5776, Chrome_ChildThread] WARNING: pipe error: 109: file z:/build/build/src/ipc/chromium/src/chrome/common/ipc_channel_win.cc, line 346
[Child 5776, Chrome_ChildThrea[Parent 9140, Gecko_IOThread] WARNING: file z:/build/build/src/ipc/chromium/src/base/process_util_win.cc, line 188

	at org.openqa.selenium.firefox.internal.NewProfileExtensionConnection.start(NewProfileExtensionConnection.java:118)
	... 29 more
]]>
    </failure>
  </testcase> <!-- @BeforeTest beforeTest -->
  <testcase name="@AfterTest afterTest" time="0.0" classname="example.NewTest">
    <skipped/>
  </testcase> <!-- @AfterTest afterTest -->
  <testcase name="testEasy" time="0.002" classname="example.NewTest">
    <skipped/>
  </testcase> <!-- testEasy -->
</testsuite> <!-- Default test -->
